2011-11-2 9:17:50 com.mchange.v2.c3p0.impl.NewPooledConnection logCloseExceptions
信息: [c3p0] Exceptions occurred while trying to close a PooledConnection's resources normally.
2011-11-2 9:17:50 com.mchange.v2.c3p0.impl.NewPooledConnection logCloseExceptions
信息: [c3p0] NewPooledConnection close Exception.
java.sql.SQLException: Io 异常: Connection reset by peer: socket write error
	at oracle.jdbc.dbaccess.DBError.throwSqlException(DBError.java:134)
	at oracle.jdbc.dbaccess.DBError.throwSqlException(DBError.java:179)
	at oracle.jdbc.dbaccess.DBError.throwSqlException(DBError.java:334)
	at oracle.jdbc.driver.OracleConnection.close(OracleConnection.java:1478)
	at com.mchange.v2.c3p0.impl.NewPooledConnection.close(NewPooledConnection.java:549)
	at com.mchange.v2.c3p0.impl.NewPooledConnection.close(NewPooledConnection.java:234)
	at com.mchange.v2.c3p0.impl.C3P0PooledConnectionPool$1PooledConnectionResourcePoolManager.destroyResource(C3P0PooledConnectionPool.java:470)
	at com.mchange.v2.resourcepool.BasicResourcePool$1DestroyResourceTask.run(BasicResourcePool.java:964)
	at com.mchange.v2.async.ThreadPoolAsynchronousRunner$PoolThread.run(ThreadPoolAsynchronousRunner.java:547)
2011-11-2 9:17:50 com.mchange.v2.resourcepool.BasicResourcePool$1DestroyResourceTask run
警告: Failed to destroy resource: com.mchange.v2.c3p0.impl.NewPooledConnection@1d22527
java.sql.SQLException: Some resources failed to close properly while closing com.mchange.v2.c3p0.impl.NewPooledConnection@1d22527
	at com.mchange.v2.c3p0.impl.NewPooledConnection.close(NewPooledConnection.java:571)
	at com.mchange.v2.c3p0.impl.NewPooledConnection.close(NewPooledConnection.java:234)
	at com.mchange.v2.c3p0.impl.C3P0PooledConnectionPool$1PooledConnectionResourcePoolManager.destroyResource(C3P0PooledConnectionPool.java:470)
	at com.mchange.v2.resourcepool.BasicResourcePool$1DestroyResourceTask.run(BasicResourcePool.java:964)
	at com.mchange.v2.async.ThreadPoolAsynchronousRunner$PoolThread.run(ThreadPoolAsynchronousRunner.java:547)
2011-11-2 9:19:25 org.apache.coyote.http11.Http11Protocol pause
信息: Pausing Coyote HTTP/1.1 on http-8081
2011-11-2 9:32:57 org.apache.catalina.core.AprLifecycleListener init
信息: The APR based Apache Tomcat Native library which allows optimal performance in production environments was not found on the java.library.path: C:\Program Files\Java\jdk1.6.0_18\bin;.;C:\WINDOWS\Sun\Java\bin;C:\WINDOWS\system32;C:\WINDOWS;C:\Program Files\NVIDIA Corporation\PhysX\Common;F:\oracle9\bin;C:\Program Files\Oracle\jre\1.3.1\bin;C:\Program Files\Oracle\jre\1.1.8\bin;F:\\bin;C:\WINDOWS\system32;C:\WINDOWS;C:\WINDOWS\System32\Wbem;C:\Program Files\Java\jdk1.6.0_18\bin
2011-11-2 9:32:57 org.apache.coyote.http11.Http11Protocol init
信息: Initializing Coyote HTTP/1.1 on http-8081
2011-11-2 9:32:57 org.apache.catalina.startup.Catalina load
信息: Initialization processed in 285 ms
2011-11-2 9:32:57 org.apache.catalina.core.StandardService start
信息: Starting service Catalina
2011-11-2 9:32:57 org.apache.catalina.core.StandardEngine start
信息: Starting Servlet Engine: Apache Tomcat/6.0.28
2011-11-2 9:32:57 org.apache.catalina.startup.HostConfig deployDescriptor
信息: Deploying configuration descriptor host-manager.xml
2011-11-2 9:32:57 org.apache.catalina.startup.HostConfig deployDescriptor
信息: Deploying configuration descriptor manager.xml
2011-11-2 9:32:57 org.apache.catalina.startup.HostConfig deployWAR
信息: Deploying web application archive WoshareFariy.war
2011-11-2 9:32:57 org.apache.catalina.startup.HostConfig deployDirectory
信息: Deploying web application directory docs
2011-11-2 9:32:57 org.apache.catalina.startup.HostConfig deployDirectory
信息: Deploying web application directory examples
2011-11-2 9:32:57 org.apache.catalina.startup.HostConfig deployDirectory
信息: Deploying web application directory ROOT
2011-11-2 9:32:57 org.apache.coyote.http11.Http11Protocol start
信息: Starting Coyote HTTP/1.1 on http-8081
2011-11-2 9:32:57 org.apache.jk.common.ChannelSocket init
信息: JK: ajp13 listening on /0.0.0.0:8009
2011-11-2 9:32:57 org.apache.jk.server.JkMain start
信息: Jk running ID=0 time=0/16  config=null
2011-11-2 9:32:57 org.apache.catalina.startup.Catalina start
信息: Server startup in 395 ms
2011-11-2 9:33:08 com.mchange.v2.log.MLog <clinit>
信息: MLog clients using java 1.4+ standard logging.
2011-11-2 9:33:09 com.mchange.v2.c3p0.C3P0Registry banner
信息: Initializing c3p0-0.9.1.2 [built 21-May-2007 15:04:56; debug? true; trace: 10]
2011-11-2 9:33:09 com.mchange.v2.c3p0.impl.AbstractPoolBackedDataSource getPoolManager
信息: Initializing c3p0 pool... com.mchange.v2.c3p0.ComboPooledDataSource [ acquireIncrement -> 2, acquireRetryAttempts -> 30, acquireRetryDelay -> 1000, autoCommitOnClose -> false, automaticTestTable -> null, breakAfterAcquireFailure -> false, checkoutTimeout -> 0, connectionCustomizerClassName -> null, connectionTesterClassName -> com.mchange.v2.c3p0.impl.DefaultConnectionTester, dataSourceName -> 1hge18o8jr5z8p51evbr36|401369, debugUnreturnedConnectionStackTraces -> false, description -> DB Connection, driverClass -> oracle.jdbc.driver.OracleDriver, factoryClassLocation -> null, forceIgnoreUnresolvedTransactions -> false, identityToken -> 1hge18o8jr5z8p51evbr36|401369, idleConnectionTestPeriod -> 0, initialPoolSize -> 3, jdbcUrl -> jdbc:oracle:thin:@192.168.1.200:1521:test, maxAdministrativeTaskTime -> 0, maxConnectionAge -> 0, maxIdleTime -> 0, maxIdleTimeExcessConnections -> 0, maxPoolSize -> 20, maxStatements -> 0, maxStatementsPerConnection -> 0, minPoolSize -> 20, numHelperThreads -> 3, numThreadsAwaitingCheckoutDefaultUser -> 0, preferredTestQuery -> null, properties -> {user=******, password=******}, propertyCycle -> 0, testConnectionOnCheckin -> false, testConnectionOnCheckout -> false, unreturnedConnectionTimeout -> 0, usesTraditionalReflectiveProxies -> false ]
2011-11-2 10:21:32 org.apache.coyote.http11.Http11Protocol pause
信息: Pausing Coyote HTTP/1.1 on http-8081
2011-11-2 10:21:40 org.apache.catalina.core.AprLifecycleListener init
信息: The APR based Apache Tomcat Native library which allows optimal performance in production environments was not found on the java.library.path: C:\Program Files\Java\jdk1.6.0_18\bin;.;C:\WINDOWS\Sun\Java\bin;C:\WINDOWS\system32;C:\WINDOWS;C:\Program Files\NVIDIA Corporation\PhysX\Common;F:\oracle9\bin;C:\Program Files\Oracle\jre\1.3.1\bin;C:\Program Files\Oracle\jre\1.1.8\bin;F:\\bin;C:\WINDOWS\system32;C:\WINDOWS;C:\WINDOWS\System32\Wbem;C:\Program Files\Java\jdk1.6.0_18\bin
2011-11-2 10:21:40 org.apache.coyote.http11.Http11Protocol init
信息: Initializing Coyote HTTP/1.1 on http-8081
2011-11-2 10:21:40 org.apache.catalina.startup.Catalina load
信息: Initialization processed in 288 ms
2011-11-2 10:21:40 org.apache.catalina.core.StandardService start
信息: Starting service Catalina
2011-11-2 10:21:40 org.apache.catalina.core.StandardEngine start
信息: Starting Servlet Engine: Apache Tomcat/6.0.28
2011-11-2 10:21:40 org.apache.catalina.startup.HostConfig deployDescriptor
信息: Deploying configuration descriptor host-manager.xml
2011-11-2 10:21:40 org.apache.catalina.startup.HostConfig deployDescriptor
信息: Deploying configuration descriptor manager.xml
2011-11-2 10:21:40 org.apache.catalina.startup.HostConfig deployWAR
信息: Deploying web application archive WoshareFariy.war
2011-11-2 10:21:40 org.apache.catalina.startup.HostConfig deployDirectory
信息: Deploying web application directory docs
2011-11-2 10:21:40 org.apache.catalina.startup.HostConfig deployDirectory
信息: Deploying web application directory examples
2011-11-2 10:21:40 org.apache.catalina.startup.HostConfig deployDirectory
信息: Deploying web application directory ROOT
2011-11-2 10:21:40 org.apache.coyote.http11.Http11Protocol start
信息: Starting Coyote HTTP/1.1 on http-8081
2011-11-2 10:21:40 org.apache.jk.common.ChannelSocket init
信息: JK: ajp13 listening on /0.0.0.0:8009
2011-11-2 10:21:40 org.apache.jk.server.JkMain start
信息: Jk running ID=0 time=0/16  config=null
2011-11-2 10:21:40 org.apache.catalina.startup.Catalina start
信息: Server startup in 405 ms
2011-11-2 10:21:54 com.mchange.v2.log.MLog <clinit>
信息: MLog clients using java 1.4+ standard logging.
2011-11-2 10:21:54 com.mchange.v2.c3p0.C3P0Registry banner
信息: Initializing c3p0-0.9.1.2 [built 21-May-2007 15:04:56; debug? true; trace: 10]
2011-11-2 10:21:54 com.mchange.v2.c3p0.impl.AbstractPoolBackedDataSource getPoolManager
信息: Initializing c3p0 pool... com.mchange.v2.c3p0.ComboPooledDataSource [ acquireIncrement -> 2, acquireRetryAttempts -> 30, acquireRetryDelay -> 1000, autoCommitOnClose -> false, automaticTestTable -> null, breakAfterAcquireFailure -> false, checkoutTimeout -> 0, connectionCustomizerClassName -> null, connectionTesterClassName -> com.mchange.v2.c3p0.impl.DefaultConnectionTester, dataSourceName -> 1hge18o8jr7py5tyyg79m|e753, debugUnreturnedConnectionStackTraces -> false, description -> DB Connection, driverClass -> oracle.jdbc.driver.OracleDriver, factoryClassLocation -> null, forceIgnoreUnresolvedTransactions -> false, identityToken -> 1hge18o8jr7py5tyyg79m|e753, idleConnectionTestPeriod -> 0, initialPoolSize -> 3, jdbcUrl -> jdbc:oracle:thin:@192.168.1.200:1521:test, maxAdministrativeTaskTime -> 0, maxConnectionAge -> 0, maxIdleTime -> 0, maxIdleTimeExcessConnections -> 0, maxPoolSize -> 20, maxStatements -> 0, maxStatementsPerConnection -> 0, minPoolSize -> 20, numHelperThreads -> 3, numThreadsAwaitingCheckoutDefaultUser -> 0, preferredTestQuery -> null, properties -> {user=******, password=******}, propertyCycle -> 0, testConnectionOnCheckin -> false, testConnectionOnCheckout -> false, unreturnedConnectionTimeout -> 0, usesTraditionalReflectiveProxies -> false ]
2011-11-2 17:41:39 com.mchange.v2.c3p0.impl.NewPooledConnection logCloseExceptions
信息: [c3p0] Exceptions occurred while trying to close a PooledConnection's resources normally.
2011-11-2 17:41:39 com.mchange.v2.c3p0.impl.NewPooledConnection logCloseExceptions
信息: [c3p0] NewPooledConnection close Exception.
java.sql.SQLException: Io 异常: Connection reset by peer: socket write error
	at oracle.jdbc.dbaccess.DBError.throwSqlException(DBError.java:134)
	at oracle.jdbc.dbaccess.DBError.throwSqlException(DBError.java:179)
	at oracle.jdbc.dbaccess.DBError.throwSqlException(DBError.java:334)
	at oracle.jdbc.driver.OracleConnection.close(OracleConnection.java:1478)
	at com.mchange.v2.c3p0.impl.NewPooledConnection.close(NewPooledConnection.java:549)
	at com.mchange.v2.c3p0.impl.NewPooledConnection.close(NewPooledConnection.java:234)
	at com.mchange.v2.c3p0.impl.C3P0PooledConnectionPool$1PooledConnectionResourcePoolManager.destroyResource(C3P0PooledConnectionPool.java:470)
	at com.mchange.v2.resourcepool.BasicResourcePool$1DestroyResourceTask.run(BasicResourcePool.java:964)
	at com.mchange.v2.async.ThreadPoolAsynchronousRunner$PoolThread.run(ThreadPoolAsynchronousRunner.java:547)
2011-11-2 17:41:39 com.mchange.v2.resourcepool.BasicResourcePool$1DestroyResourceTask run
警告: Failed to destroy resource: com.mchange.v2.c3p0.impl.NewPooledConnection@1d34b3d
java.sql.SQLException: Some resources failed to close properly while closing com.mchange.v2.c3p0.impl.NewPooledConnection@1d34b3d
	at com.mchange.v2.c3p0.impl.NewPooledConnection.close(NewPooledConnection.java:571)
	at com.mchange.v2.c3p0.impl.NewPooledConnection.close(NewPooledConnection.java:234)
	at com.mchange.v2.c3p0.impl.C3P0PooledConnectionPool$1PooledConnectionResourcePoolManager.destroyResource(C3P0PooledConnectionPool.java:470)
	at com.mchange.v2.resourcepool.BasicResourcePool$1DestroyResourceTask.run(BasicResourcePool.java:964)
	at com.mchange.v2.async.ThreadPoolAsynchronousRunner$PoolThread.run(ThreadPoolAsynchronousRunner.java:547)
2011-11-2 18:34:19 org.apache.coyote.http11.Http11Protocol pause
信息: Pausing Coyote HTTP/1.1 on http-8081
2011-11-2 18:34:20 org.apache.catalina.core.StandardService stop
信息: Stopping service Catalina
2011-11-2 18:35:50 org.apache.catalina.core.AprLifecycleListener init
信息: The APR based Apache Tomcat Native library which allows optimal performance in production environments was not found on the java.library.path: C:\Program Files\Java\jdk1.6.0_18\bin;.;C:\WINDOWS\Sun\Java\bin;C:\WINDOWS\system32;C:\WINDOWS;C:\Program Files\NVIDIA Corporation\PhysX\Common;F:\oracle9\bin;C:\Program Files\Oracle\jre\1.3.1\bin;C:\Program Files\Oracle\jre\1.1.8\bin;F:\\bin;C:\WINDOWS\system32;C:\WINDOWS;C:\WINDOWS\System32\Wbem;C:\Program Files\Java\jdk1.6.0_18\bin
2011-11-2 18:35:50 org.apache.coyote.http11.Http11Protocol init
信息: Initializing Coyote HTTP/1.1 on http-8081
2011-11-2 18:35:50 org.apache.catalina.startup.Catalina load
信息: Initialization processed in 529 ms
2011-11-2 18:35:50 org.apache.catalina.core.StandardService start
信息: Starting service Catalina
2011-11-2 18:35:50 org.apache.catalina.core.StandardEngine start
信息: Starting Servlet Engine: Apache Tomcat/6.0.32
2011-11-2 18:35:50 org.apache.catalina.startup.HostConfig deployDescriptor
信息: Deploying configuration descriptor host-manager.xml
2011-11-2 18:35:50 org.apache.catalina.startup.HostConfig deployDescriptor
信息: Deploying configuration descriptor manager.xml
2011-11-2 18:35:50 org.apache.catalina.startup.HostConfig deployWAR
信息: Deploying web application archive WoshareFariy.war
2011-11-2 18:35:50 org.apache.catalina.startup.HostConfig deployDirectory
信息: Deploying web application directory docs
2011-11-2 18:35:50 org.apache.catalina.startup.HostConfig deployDirectory
信息: Deploying web application directory examples
2011-11-2 18:35:50 org.apache.catalina.startup.HostConfig deployDirectory
信息: Deploying web application directory ROOT
2011-11-2 18:35:51 org.apache.coyote.http11.Http11Protocol start
信息: Starting Coyote HTTP/1.1 on http-8081
2011-11-2 18:35:51 org.apache.jk.common.ChannelSocket init
信息: JK: ajp13 listening on /0.0.0.0:8009
2011-11-2 18:35:51 org.apache.jk.server.JkMain start
信息: Jk running ID=0 time=0/15  config=null
2011-11-2 18:35:51 org.apache.catalina.startup.Catalina start
信息: Server startup in 397 ms
