2011-11-4 9:10:26 com.mchange.v2.c3p0.impl.NewPooledConnection logCloseExceptions
信息: [c3p0] Exceptions occurred while trying to close a PooledConnection's resources normally.
2011-11-4 9:10:26 com.mchange.v2.c3p0.impl.NewPooledConnection logCloseExceptions
信息: [c3p0] NewPooledConnection close Exception.
java.sql.SQLException: Io 异常: Connection reset by peer: socket write error
	at oracle.jdbc.dbaccess.DBError.throwSqlException(DBError.java:134)
	at oracle.jdbc.dbaccess.DBError.throwSqlException(DBError.java:179)
	at oracle.jdbc.dbaccess.DBError.throwSqlException(DBError.java:334)
	at oracle.jdbc.driver.OracleConnection.close(OracleConnection.java:1478)
	at com.mchange.v2.c3p0.impl.NewPooledConnection.close(NewPooledConnection.java:549)
	at com.mchange.v2.c3p0.impl.NewPooledConnection.close(NewPooledConnection.java:234)
	at com.mchange.v2.c3p0.impl.C3P0PooledConnectionPool$1PooledConnectionResourcePoolManager.destroyResource(C3P0PooledConnectionPool.java:470)
	at com.mchange.v2.resourcepool.BasicResourcePool$1DestroyResourceTask.run(BasicResourcePool.java:964)
	at com.mchange.v2.async.ThreadPoolAsynchronousRunner$PoolThread.run(ThreadPoolAsynchronousRunner.java:547)
2011-11-4 9:10:26 com.mchange.v2.resourcepool.BasicResourcePool$1DestroyResourceTask run
警告: Failed to destroy resource: com.mchange.v2.c3p0.impl.NewPooledConnection@1557c0
java.sql.SQLException: Some resources failed to close properly while closing com.mchange.v2.c3p0.impl.NewPooledConnection@1557c0
	at com.mchange.v2.c3p0.impl.NewPooledConnection.close(NewPooledConnection.java:571)
	at com.mchange.v2.c3p0.impl.NewPooledConnection.close(NewPooledConnection.java:234)
	at com.mchange.v2.c3p0.impl.C3P0PooledConnectionPool$1PooledConnectionResourcePoolManager.destroyResource(C3P0PooledConnectionPool.java:470)
	at com.mchange.v2.resourcepool.BasicResourcePool$1DestroyResourceTask.run(BasicResourcePool.java:964)
	at com.mchange.v2.async.ThreadPoolAsynchronousRunner$PoolThread.run(ThreadPoolAsynchronousRunner.java:547)
2011-11-4 14:33:50 org.apache.coyote.http11.Http11Protocol pause
信息: Pausing Coyote HTTP/1.1 on http-8081
2011-11-4 14:33:51 org.apache.catalina.core.StandardService stop
信息: Stopping service Catalina
2011-11-4 14:33:51 org.apache.catalina.loader.WebappClassLoader clearReferencesThreads
严重: The web application [/WoshareFariy] appears to have started a thread named [Timer-0] but has failed to stop it. This is very likely to create a memory leak.
2011-11-4 14:33:51 org.apache.catalina.loader.WebappClassLoader clearReferencesThreads
严重: The web application [/WoshareFariy] appears to have started a thread named [com.mchange.v2.async.ThreadPoolAsynchronousRunner$PoolThread-#0] but has failed to stop it. This is very likely to create a memory leak.
2011-11-4 14:33:51 org.apache.catalina.loader.WebappClassLoader clearReferencesThreads
严重: The web application [/WoshareFariy] appears to have started a thread named [com.mchange.v2.async.ThreadPoolAsynchronousRunner$PoolThread-#1] but has failed to stop it. This is very likely to create a memory leak.
2011-11-4 14:33:51 org.apache.catalina.loader.WebappClassLoader clearReferencesThreads
严重: The web application [/WoshareFariy] appears to have started a thread named [com.mchange.v2.async.ThreadPoolAsynchronousRunner$PoolThread-#2] but has failed to stop it. This is very likely to create a memory leak.
2011-11-4 14:33:51 org.apache.coyote.http11.Http11Protocol destroy
信息: Stopping Coyote HTTP/1.1 on http-8081
2011-11-4 14:33:58 org.apache.catalina.startup.Catalina stopServer
严重: Catalina.stop: 
java.net.ConnectException: Connection refused: connect
	at java.net.PlainSocketImpl.socketConnect(Native Method)
	at java.net.PlainSocketImpl.doConnect(PlainSocketImpl.java:333)
	at java.net.PlainSocketImpl.connectToAddress(PlainSocketImpl.java:195)
	at java.net.PlainSocketImpl.connect(PlainSocketImpl.java:182)
	at java.net.SocksSocketImpl.connect(SocksSocketImpl.java:366)
	at java.net.Socket.connect(Socket.java:525)
	at java.net.Socket.connect(Socket.java:475)
	at java.net.Socket.<init>(Socket.java:372)
	at java.net.Socket.<init>(Socket.java:186)
	at org.apache.catalina.startup.Catalina.stopServer(Catalina.java:422)
	at sun.reflect.NativeMethodAccessorImpl.invoke0(Native Method)
	at sun.reflect.NativeMethodAccessorImpl.invoke(NativeMethodAccessorImpl.java:39)
	at sun.reflect.DelegatingMethodAccessorImpl.invoke(DelegatingMethodAccessorImpl.java:25)
	at java.lang.reflect.Method.invoke(Method.java:597)
	at org.apache.catalina.startup.Bootstrap.stopServer(Bootstrap.java:338)
	at org.apache.catalina.startup.Bootstrap.main(Bootstrap.java:416)
2011-11-4 14:38:36 org.apache.catalina.core.AprLifecycleListener init
信息: The APR based Apache Tomcat Native library which allows optimal performance in production environments was not found on the java.library.path: C:\Program Files\Java\jdk1.6.0_18\bin;.;C:\WINDOWS\Sun\Java\bin;C:\WINDOWS\system32;C:\WINDOWS;C:\Program Files\NVIDIA Corporation\PhysX\Common;F:\oracle9\bin;C:\Program Files\Oracle\jre\1.3.1\bin;C:\Program Files\Oracle\jre\1.1.8\bin;F:\\bin;C:\WINDOWS\system32;C:\WINDOWS;C:\WINDOWS\System32\Wbem;C:\Program Files\Java\jdk1.6.0_18\bin
2011-11-4 14:38:36 org.apache.coyote.http11.Http11Protocol init
信息: Initializing Coyote HTTP/1.1 on http-8081
2011-11-4 14:38:36 org.apache.catalina.startup.Catalina load
信息: Initialization processed in 319 ms
2011-11-4 14:38:36 org.apache.catalina.core.StandardService start
信息: Starting service Catalina
2011-11-4 14:38:36 org.apache.catalina.core.StandardEngine start
信息: Starting Servlet Engine: Apache Tomcat/6.0.32
2011-11-4 14:38:36 org.apache.catalina.startup.HostConfig deployDescriptor
信息: Deploying configuration descriptor host-manager.xml
2011-11-4 14:38:36 org.apache.catalina.startup.HostConfig deployDescriptor
信息: Deploying configuration descriptor manager.xml
2011-11-4 14:38:36 org.apache.catalina.startup.HostConfig deployWAR
信息: Deploying web application archive WoshareFariy.war
2011-11-4 14:38:36 org.apache.catalina.startup.HostConfig deployDirectory
信息: Deploying web application directory docs
2011-11-4 14:38:36 org.apache.catalina.startup.HostConfig deployDirectory
信息: Deploying web application directory examples
2011-11-4 14:38:36 org.apache.catalina.startup.HostConfig deployDirectory
信息: Deploying web application directory ROOT
2011-11-4 14:38:36 org.apache.coyote.http11.Http11Protocol start
信息: Starting Coyote HTTP/1.1 on http-8081
2011-11-4 14:38:36 org.apache.jk.common.ChannelSocket init
信息: JK: ajp13 listening on /0.0.0.0:8009
2011-11-4 14:38:36 org.apache.jk.server.JkMain start
信息: Jk running ID=0 time=0/16  config=null
2011-11-4 14:38:36 org.apache.catalina.startup.Catalina start
信息: Server startup in 402 ms
2011-11-4 14:58:47 com.mchange.v2.log.MLog <clinit>
信息: MLog clients using java 1.4+ standard logging.
2011-11-4 14:58:47 com.mchange.v2.c3p0.C3P0Registry banner
信息: Initializing c3p0-0.9.1.2 [built 21-May-2007 15:04:56; debug? true; trace: 10]
2011-11-4 14:58:47 com.mchange.v2.c3p0.impl.AbstractPoolBackedDataSource getPoolManager
信息: Initializing c3p0 pool... com.mchange.v2.c3p0.ComboPooledDataSource [ acquireIncrement -> 2, acquireRetryAttempts -> 30, acquireRetryDelay -> 1000, autoCommitOnClose -> false, automaticTestTable -> null, breakAfterAcquireFailure -> false, checkoutTimeout -> 0, connectionCustomizerClassName -> null, connectionTesterClassName -> com.mchange.v2.c3p0.impl.DefaultConnectionTester, dataSourceName -> 1hge18o8juchptxde7c43|8a548b, debugUnreturnedConnectionStackTraces -> false, description -> DB Connection, driverClass -> oracle.jdbc.driver.OracleDriver, factoryClassLocation -> null, forceIgnoreUnresolvedTransactions -> false, identityToken -> 1hge18o8juchptxde7c43|8a548b, idleConnectionTestPeriod -> 0, initialPoolSize -> 3, jdbcUrl -> jdbc:oracle:thin:@192.168.1.200:1521:test, maxAdministrativeTaskTime -> 0, maxConnectionAge -> 0, maxIdleTime -> 0, maxIdleTimeExcessConnections -> 0, maxPoolSize -> 20, maxStatements -> 0, maxStatementsPerConnection -> 0, minPoolSize -> 20, numHelperThreads -> 3, numThreadsAwaitingCheckoutDefaultUser -> 0, preferredTestQuery -> null, properties -> {user=******, password=******}, propertyCycle -> 0, testConnectionOnCheckin -> false, testConnectionOnCheckout -> false, unreturnedConnectionTimeout -> 0, usesTraditionalReflectiveProxies -> false ]
