2011-11-14 10:28:11 org.apache.catalina.startup.HostConfig checkResources
信息: Reloading context []
2011-11-14 10:28:11 org.apache.catalina.startup.HostConfig checkResources
信息: Reloading context [/manager]
2011-11-14 10:28:11 org.apache.catalina.startup.HostConfig checkResources
信息: Reloading context [/WoshareFariy]
2011-11-14 10:28:11 org.apache.catalina.loader.WebappClassLoader clearReferencesThreads
严重: The web application [/WoshareFariy] appears to have started a thread named [Timer-0] but has failed to stop it. This is very likely to create a memory leak.
2011-11-14 10:28:11 org.apache.catalina.loader.WebappClassLoader clearReferencesThreads
严重: The web application [/WoshareFariy] appears to have started a thread named [com.mchange.v2.async.ThreadPoolAsynchronousRunner$PoolThread-#0] but has failed to stop it. This is very likely to create a memory leak.
2011-11-14 10:28:11 org.apache.catalina.loader.WebappClassLoader clearReferencesThreads
严重: The web application [/WoshareFariy] appears to have started a thread named [com.mchange.v2.async.ThreadPoolAsynchronousRunner$PoolThread-#1] but has failed to stop it. This is very likely to create a memory leak.
2011-11-14 10:28:11 org.apache.catalina.loader.WebappClassLoader clearReferencesThreads
严重: The web application [/WoshareFariy] appears to have started a thread named [com.mchange.v2.async.ThreadPoolAsynchronousRunner$PoolThread-#2] but has failed to stop it. This is very likely to create a memory leak.
2011-11-14 10:28:11 org.apache.catalina.startup.HostConfig checkResources
信息: Reloading context [/docs]
2011-11-14 10:28:11 org.apache.catalina.startup.HostConfig checkResources
信息: Reloading context [/examples]
2011-11-14 10:28:11 org.apache.catalina.startup.HostConfig checkResources
信息: Reloading context [/host-manager]
2011-11-14 10:28:12 org.apache.coyote.http11.Http11Protocol pause
信息: Pausing Coyote HTTP/1.1 on http-8081
2011-11-14 10:28:25 org.apache.catalina.core.AprLifecycleListener init
信息: The APR based Apache Tomcat Native library which allows optimal performance in production environments was not found on the java.library.path: C:\Program Files\Java\jdk1.6.0_18\bin;.;C:\WINDOWS\Sun\Java\bin;C:\WINDOWS\system32;C:\WINDOWS;D:\oracle9\product\bin;C:\Program Files\Oracle\jre\1.3.1\bin;C:\Program Files\Oracle\jre\1.1.8\bin;C:\Program Files\NVIDIA Corporation\PhysX\Common;F:\\bin;C:\WINDOWS\system32;C:\WINDOWS;C:\WINDOWS\System32\Wbem;C:\Program Files\Java\jdk1.6.0_18\bin
2011-11-14 10:28:25 org.apache.coyote.http11.Http11Protocol init
信息: Initializing Coyote HTTP/1.1 on http-8081
2011-11-14 10:28:25 org.apache.catalina.startup.Catalina load
信息: Initialization processed in 316 ms
2011-11-14 10:28:25 org.apache.catalina.core.StandardService start
信息: Starting service Catalina
2011-11-14 10:28:25 org.apache.catalina.core.StandardEngine start
信息: Starting Servlet Engine: Apache Tomcat/6.0.32
2011-11-14 10:28:25 org.apache.catalina.startup.HostConfig deployDescriptor
信息: Deploying configuration descriptor host-manager.xml
2011-11-14 10:28:25 org.apache.catalina.startup.HostConfig deployDescriptor
信息: Deploying configuration descriptor manager.xml
2011-11-14 10:28:25 org.apache.catalina.startup.HostConfig deployWAR
信息: Deploying web application archive WoshareFariy.war
2011-11-14 10:28:25 org.apache.catalina.startup.HostConfig deployDirectory
信息: Deploying web application directory docs
2011-11-14 10:28:25 org.apache.catalina.startup.HostConfig deployDirectory
信息: Deploying web application directory examples
2011-11-14 10:28:25 org.apache.catalina.startup.HostConfig deployDirectory
信息: Deploying web application directory ROOT
2011-11-14 10:28:25 org.apache.coyote.http11.Http11Protocol start
信息: Starting Coyote HTTP/1.1 on http-8081
2011-11-14 10:28:25 org.apache.jk.common.ChannelSocket init
信息: JK: ajp13 listening on /0.0.0.0:8009
2011-11-14 10:28:25 org.apache.jk.server.JkMain start
信息: Jk running ID=0 time=0/15  config=null
2011-11-14 10:28:25 org.apache.catalina.startup.Catalina start
信息: Server startup in 402 ms
2011-11-14 10:28:29 com.mchange.v2.log.MLog <clinit>
信息: MLog clients using java 1.4+ standard logging.
2011-11-14 10:28:29 com.mchange.v2.c3p0.C3P0Registry banner
信息: Initializing c3p0-0.9.1.2 [built 21-May-2007 15:04:56; debug? true; trace: 10]
2011-11-14 10:28:29 com.mchange.v2.c3p0.impl.AbstractPoolBackedDataSource getPoolManager
信息: Initializing c3p0 pool... com.mchange.v2.c3p0.ComboPooledDataSource [ acquireIncrement -> 2, acquireRetryAttempts -> 30, acquireRetryDelay -> 1000, autoCommitOnClose -> false, automaticTestTable -> null, breakAfterAcquireFailure -> false, checkoutTimeout -> 0, connectionCustomizerClassName -> null, connectionTesterClassName -> com.mchange.v2.c3p0.impl.DefaultConnectionTester, dataSourceName -> 1hge18o8j18d8mnphnu1uu|c0f1ec, debugUnreturnedConnectionStackTraces -> false, description -> DB Connection, driverClass -> oracle.jdbc.driver.OracleDriver, factoryClassLocation -> null, forceIgnoreUnresolvedTransactions -> false, identityToken -> 1hge18o8j18d8mnphnu1uu|c0f1ec, idleConnectionTestPeriod -> 0, initialPoolSize -> 3, jdbcUrl -> jdbc:oracle:thin:@localhost:1521:DBSERVER, maxAdministrativeTaskTime -> 0, maxConnectionAge -> 0, maxIdleTime -> 0, maxIdleTimeExcessConnections -> 0, maxPoolSize -> 20, maxStatements -> 0, maxStatementsPerConnection -> 0, minPoolSize -> 20, numHelperThreads -> 3, numThreadsAwaitingCheckoutDefaultUser -> 0, preferredTestQuery -> null, properties -> {user=******, password=******}, propertyCycle -> 0, testConnectionOnCheckin -> false, testConnectionOnCheckout -> false, unreturnedConnectionTimeout -> 0, usesTraditionalReflectiveProxies -> false ]
2011-11-14 10:28:49 com.mchange.v2.async.ThreadPoolAsynchronousRunner$DeadlockDetector run
警告: com.mchange.v2.async.ThreadPoolAsynchronousRunner$DeadlockDetector@19e215b -- APPARENT DEADLOCK!!! Creating emergency threads for unassigned pending tasks!
2011-11-14 10:28:49 com.mchange.v2.async.ThreadPoolAsynchronousRunner$DeadlockDetector run
警告: com.mchange.v2.async.ThreadPoolAsynchronousRunner$DeadlockDetector@19e215b -- APPARENT DEADLOCK!!! Complete Status: 
	Managed Threads: 3
	Active Threads: 3
	Active Tasks: 
		com.mchange.v2.resourcepool.BasicResourcePool$AcquireTask@70be88 (com.mchange.v2.async.ThreadPoolAsynchronousRunner$PoolThread-#0)
		com.mchange.v2.resourcepool.BasicResourcePool$AcquireTask@1ecfe07 (com.mchange.v2.async.ThreadPoolAsynchronousRunner$PoolThread-#1)
		com.mchange.v2.resourcepool.BasicResourcePool$AcquireTask@199939 (com.mchange.v2.async.ThreadPoolAsynchronousRunner$PoolThread-#2)
	Pending Tasks: 
		com.mchange.v2.resourcepool.BasicResourcePool$AcquireTask@9a9b65
		com.mchange.v2.resourcepool.BasicResourcePool$AcquireTask@502819
		com.mchange.v2.resourcepool.BasicResourcePool$AcquireTask@78aa80
		com.mchange.v2.resourcepool.BasicResourcePool$AcquireTask@1d98a
		com.mchange.v2.resourcepool.BasicResourcePool$AcquireTask@1712651
		com.mchange.v2.resourcepool.BasicResourcePool$AcquireTask@18aab40
		com.mchange.v2.resourcepool.BasicResourcePool$AcquireTask@f102d3
		com.mchange.v2.resourcepool.BasicResourcePool$AcquireTask@f07355
		com.mchange.v2.resourcepool.BasicResourcePool$AcquireTask@23f1bb
		com.mchange.v2.resourcepool.BasicResourcePool$AcquireTask@1d33a6b
		com.mchange.v2.resourcepool.BasicResourcePool$AcquireTask@a0864f
		com.mchange.v2.resourcepool.BasicResourcePool$AcquireTask@d1e233
		com.mchange.v2.resourcepool.BasicResourcePool$AcquireTask@15983b7
		com.mchange.v2.resourcepool.BasicResourcePool$AcquireTask@1d6747b
		com.mchange.v2.resourcepool.BasicResourcePool$AcquireTask@7976c1
		com.mchange.v2.resourcepool.BasicResourcePool$AcquireTask@6397eb
		com.mchange.v2.resourcepool.BasicResourcePool$AcquireTask@8aeb74
Pool thread stack traces:
	Thread[com.mchange.v2.async.ThreadPoolAsynchronousRunner$PoolThread-#0,5,main]
		java.lang.Thread.sleep(Native Method)
		com.mchange.v2.resourcepool.BasicResourcePool$AcquireTask.run(BasicResourcePool.java:1805)
		com.mchange.v2.async.ThreadPoolAsynchronousRunner$PoolThread.run(ThreadPoolAsynchronousRunner.java:547)
	Thread[com.mchange.v2.async.ThreadPoolAsynchronousRunner$PoolThread-#2,5,main]
		java.lang.Thread.sleep(Native Method)
		com.mchange.v2.resourcepool.BasicResourcePool$AcquireTask.run(BasicResourcePool.java:1805)
		com.mchange.v2.async.ThreadPoolAsynchronousRunner$PoolThread.run(ThreadPoolAsynchronousRunner.java:547)
	Thread[com.mchange.v2.async.ThreadPoolAsynchronousRunner$PoolThread-#1,5,main]
		java.lang.Thread.sleep(Native Method)
		com.mchange.v2.resourcepool.BasicResourcePool$AcquireTask.run(BasicResourcePool.java:1805)
		com.mchange.v2.async.ThreadPoolAsynchronousRunner$PoolThread.run(ThreadPoolAsynchronousRunner.java:547)


2011-11-14 10:28:58 com.mchange.v2.resourcepool.BasicResourcePool$AcquireTask run
警告: com.mchange.v2.resourcepool.BasicResourcePool$AcquireTask@199939 -- Acquisition Attempt Failed!!! Clearing pending acquires. While trying to acquire a needed new resource, we failed to succeed more than the maximum number of allowed acquisition attempts (30). Last acquisition attempt exception: 
java.sql.SQLException: ORA-01017: invalid username/password; logon denied

	at oracle.jdbc.dbaccess.DBError.throwSqlException(DBError.java:134)
	at oracle.jdbc.ttc7.TTIoer.processError(TTIoer.java:289)
	at oracle.jdbc.ttc7.O3log.receive1st(O3log.java:407)
	at oracle.jdbc.ttc7.TTC7Protocol.logon(TTC7Protocol.java:260)
	at oracle.jdbc.driver.OracleConnection.<init>(OracleConnection.java:360)
	at oracle.jdbc.driver.OracleDriver.getConnectionInstance(OracleDriver.java:521)
	at oracle.jdbc.driver.OracleDriver.connect(OracleDriver.java:325)
	at com.mchange.v2.c3p0.DriverManagerDataSource.getConnection(DriverManagerDataSource.java:134)
	at com.mchange.v2.c3p0.WrapperConnectionPoolDataSource.getPooledConnection(WrapperConnectionPoolDataSource.java:182)
	at com.mchange.v2.c3p0.WrapperConnectionPoolDataSource.getPooledConnection(WrapperConnectionPoolDataSource.java:171)
	at com.mchange.v2.c3p0.impl.C3P0PooledConnectionPool$1PooledConnectionResourcePoolManager.acquireResource(C3P0PooledConnectionPool.java:137)
	at com.mchange.v2.resourcepool.BasicResourcePool.doAcquire(BasicResourcePool.java:1014)
	at com.mchange.v2.resourcepool.BasicResourcePool.access$800(BasicResourcePool.java:32)
	at com.mchange.v2.resourcepool.BasicResourcePool$AcquireTask.run(BasicResourcePool.java:1810)
	at com.mchange.v2.async.ThreadPoolAsynchronousRunner$PoolThread.run(ThreadPoolAsynchronousRunner.java:547)
2011-11-14 10:28:58 com.mchange.v2.resourcepool.BasicResourcePool$AcquireTask run
警告: com.mchange.v2.resourcepool.BasicResourcePool$AcquireTask@1ecfe07 -- Acquisition Attempt Failed!!! Clearing pending acquires. While trying to acquire a needed new resource, we failed to succeed more than the maximum number of allowed acquisition attempts (30). Last acquisition attempt exception: 
java.sql.SQLException: ORA-01017: invalid username/password; logon denied

	at oracle.jdbc.dbaccess.DBError.throwSqlException(DBError.java:134)
	at oracle.jdbc.ttc7.TTIoer.processError(TTIoer.java:289)
	at oracle.jdbc.ttc7.O3log.receive1st(O3log.java:407)
	at oracle.jdbc.ttc7.TTC7Protocol.logon(TTC7Protocol.java:260)
	at oracle.jdbc.driver.OracleConnection.<init>(OracleConnection.java:360)
	at oracle.jdbc.driver.OracleDriver.getConnectionInstance(OracleDriver.java:521)
	at oracle.jdbc.driver.OracleDriver.connect(OracleDriver.java:325)
	at com.mchange.v2.c3p0.DriverManagerDataSource.getConnection(DriverManagerDataSource.java:134)
	at com.mchange.v2.c3p0.WrapperConnectionPoolDataSource.getPooledConnection(WrapperConnectionPoolDataSource.java:182)
	at com.mchange.v2.c3p0.WrapperConnectionPoolDataSource.getPooledConnection(WrapperConnectionPoolDataSource.java:171)
	at com.mchange.v2.c3p0.impl.C3P0PooledConnectionPool$1PooledConnectionResourcePoolManager.acquireResource(C3P0PooledConnectionPool.java:137)
	at com.mchange.v2.resourcepool.BasicResourcePool.doAcquire(BasicResourcePool.java:1014)
	at com.mchange.v2.resourcepool.BasicResourcePool.access$800(BasicResourcePool.java:32)
	at com.mchange.v2.resourcepool.BasicResourcePool$AcquireTask.run(BasicResourcePool.java:1810)
	at com.mchange.v2.async.ThreadPoolAsynchronousRunner$PoolThread.run(ThreadPoolAsynchronousRunner.java:547)
2011-11-14 10:28:58 com.mchange.v2.resourcepool.BasicResourcePool$AcquireTask run
警告: com.mchange.v2.resourcepool.BasicResourcePool$AcquireTask@70be88 -- Acquisition Attempt Failed!!! Clearing pending acquires. While trying to acquire a needed new resource, we failed to succeed more than the maximum number of allowed acquisition attempts (30). Last acquisition attempt exception: 
java.sql.SQLException: ORA-01017: invalid username/password; logon denied

	at oracle.jdbc.dbaccess.DBError.throwSqlException(DBError.java:134)
	at oracle.jdbc.ttc7.TTIoer.processError(TTIoer.java:289)
	at oracle.jdbc.ttc7.O3log.receive1st(O3log.java:407)
	at oracle.jdbc.ttc7.TTC7Protocol.logon(TTC7Protocol.java:260)
	at oracle.jdbc.driver.OracleConnection.<init>(OracleConnection.java:360)
	at oracle.jdbc.driver.OracleDriver.getConnectionInstance(OracleDriver.java:521)
	at oracle.jdbc.driver.OracleDriver.connect(OracleDriver.java:325)
	at com.mchange.v2.c3p0.DriverManagerDataSource.getConnection(DriverManagerDataSource.java:134)
	at com.mchange.v2.c3p0.WrapperConnectionPoolDataSource.getPooledConnection(WrapperConnectionPoolDataSource.java:182)
	at com.mchange.v2.c3p0.WrapperConnectionPoolDataSource.getPooledConnection(WrapperConnectionPoolDataSource.java:171)
	at com.mchange.v2.c3p0.impl.C3P0PooledConnectionPool$1PooledConnectionResourcePoolManager.acquireResource(C3P0PooledConnectionPool.java:137)
	at com.mchange.v2.resourcepool.BasicResourcePool.doAcquire(BasicResourcePool.java:1014)
	at com.mchange.v2.resourcepool.BasicResourcePool.access$800(BasicResourcePool.java:32)
	at com.mchange.v2.resourcepool.BasicResourcePool$AcquireTask.run(BasicResourcePool.java:1810)
	at com.mchange.v2.async.ThreadPoolAsynchronousRunner$PoolThread.run(ThreadPoolAsynchronousRunner.java:547)
2011-11-14 10:29:05 org.apache.coyote.http11.Http11Protocol pause
信息: Pausing Coyote HTTP/1.1 on http-8081
2011-11-14 10:29:58 org.apache.catalina.core.AprLifecycleListener init
信息: The APR based Apache Tomcat Native library which allows optimal performance in production environments was not found on the java.library.path: C:\Program Files\Java\jdk1.6.0_18\bin;.;C:\WINDOWS\Sun\Java\bin;C:\WINDOWS\system32;C:\WINDOWS;D:\oracle9\product\bin;C:\Program Files\Oracle\jre\1.3.1\bin;C:\Program Files\Oracle\jre\1.1.8\bin;C:\Program Files\NVIDIA Corporation\PhysX\Common;F:\\bin;C:\WINDOWS\system32;C:\WINDOWS;C:\WINDOWS\System32\Wbem;C:\Program Files\Java\jdk1.6.0_18\bin
2011-11-14 10:29:58 org.apache.coyote.http11.Http11Protocol init
信息: Initializing Coyote HTTP/1.1 on http-8081
2011-11-14 10:29:58 org.apache.catalina.startup.Catalina load
信息: Initialization processed in 319 ms
2011-11-14 10:29:58 org.apache.catalina.core.StandardService start
信息: Starting service Catalina
2011-11-14 10:29:58 org.apache.catalina.core.StandardEngine start
信息: Starting Servlet Engine: Apache Tomcat/6.0.32
2011-11-14 10:29:58 org.apache.catalina.startup.HostConfig deployDescriptor
信息: Deploying configuration descriptor host-manager.xml
2011-11-14 10:29:58 org.apache.catalina.startup.HostConfig deployDescriptor
信息: Deploying configuration descriptor manager.xml
2011-11-14 10:29:58 org.apache.catalina.startup.HostConfig deployWAR
信息: Deploying web application archive WoshareFariy.war
2011-11-14 10:29:58 org.apache.catalina.startup.HostConfig deployDirectory
信息: Deploying web application directory docs
2011-11-14 10:29:58 org.apache.catalina.startup.HostConfig deployDirectory
信息: Deploying web application directory examples
2011-11-14 10:29:58 org.apache.catalina.startup.HostConfig deployDirectory
信息: Deploying web application directory ROOT
2011-11-14 10:29:58 org.apache.coyote.http11.Http11Protocol start
信息: Starting Coyote HTTP/1.1 on http-8081
2011-11-14 10:29:58 org.apache.jk.common.ChannelSocket init
信息: JK: ajp13 listening on /0.0.0.0:8009
2011-11-14 10:29:58 org.apache.jk.server.JkMain start
信息: Jk running ID=0 time=0/15  config=null
2011-11-14 10:29:58 org.apache.catalina.startup.Catalina start
信息: Server startup in 399 ms
2011-11-14 10:30:01 com.mchange.v2.log.MLog <clinit>
信息: MLog clients using java 1.4+ standard logging.
2011-11-14 10:30:01 com.mchange.v2.c3p0.C3P0Registry banner
信息: Initializing c3p0-0.9.1.2 [built 21-May-2007 15:04:56; debug? true; trace: 10]
2011-11-14 10:30:01 com.mchange.v2.c3p0.impl.AbstractPoolBackedDataSource getPoolManager
信息: Initializing c3p0 pool... com.mchange.v2.c3p0.ComboPooledDataSource [ acquireIncrement -> 2, acquireRetryAttempts -> 30, acquireRetryDelay -> 1000, autoCommitOnClose -> false, automaticTestTable -> null, breakAfterAcquireFailure -> false, checkoutTimeout -> 0, connectionCustomizerClassName -> null, connectionTesterClassName -> com.mchange.v2.c3p0.impl.DefaultConnectionTester, dataSourceName -> 1hge18o8j18dam2g7f287o|33f0de, debugUnreturnedConnectionStackTraces -> false, description -> DB Connection, driverClass -> oracle.jdbc.driver.OracleDriver, factoryClassLocation -> null, forceIgnoreUnresolvedTransactions -> false, identityToken -> 1hge18o8j18dam2g7f287o|33f0de, idleConnectionTestPeriod -> 0, initialPoolSize -> 3, jdbcUrl -> jdbc:oracle:thin:@localhost:1521:DBSERVER, maxAdministrativeTaskTime -> 0, maxConnectionAge -> 0, maxIdleTime -> 0, maxIdleTimeExcessConnections -> 0, maxPoolSize -> 20, maxStatements -> 0, maxStatementsPerConnection -> 0, minPoolSize -> 20, numHelperThreads -> 3, numThreadsAwaitingCheckoutDefaultUser -> 0, preferredTestQuery -> null, properties -> {user=******, password=******}, propertyCycle -> 0, testConnectionOnCheckin -> false, testConnectionOnCheckout -> false, unreturnedConnectionTimeout -> 0, usesTraditionalReflectiveProxies -> false ]
2011-11-14 10:43:38 org.apache.catalina.startup.HostConfig checkResources
信息: Reloading context []
2011-11-14 10:43:38 org.apache.catalina.startup.HostConfig checkResources
信息: Reloading context [/manager]
2011-11-14 10:43:38 org.apache.catalina.startup.HostConfig checkResources
信息: Reloading context [/WoshareFariy]
2011-11-14 10:43:38 org.apache.catalina.loader.WebappClassLoader clearReferencesThreads
严重: The web application [/WoshareFariy] appears to have started a thread named [Timer-0] but has failed to stop it. This is very likely to create a memory leak.
2011-11-14 10:43:38 org.apache.catalina.loader.WebappClassLoader clearReferencesThreads
严重: The web application [/WoshareFariy] appears to have started a thread named [com.mchange.v2.async.ThreadPoolAsynchronousRunner$PoolThread-#0] but has failed to stop it. This is very likely to create a memory leak.
2011-11-14 10:43:38 org.apache.catalina.loader.WebappClassLoader clearReferencesThreads
严重: The web application [/WoshareFariy] appears to have started a thread named [com.mchange.v2.async.ThreadPoolAsynchronousRunner$PoolThread-#1] but has failed to stop it. This is very likely to create a memory leak.
2011-11-14 10:43:38 org.apache.catalina.loader.WebappClassLoader clearReferencesThreads
严重: The web application [/WoshareFariy] appears to have started a thread named [com.mchange.v2.async.ThreadPoolAsynchronousRunner$PoolThread-#2] but has failed to stop it. This is very likely to create a memory leak.
2011-11-14 10:43:38 org.apache.catalina.startup.HostConfig checkResources
信息: Reloading context [/docs]
2011-11-14 10:43:38 org.apache.catalina.startup.HostConfig checkResources
信息: Reloading context [/examples]
2011-11-14 10:43:38 org.apache.catalina.startup.HostConfig checkResources
信息: Reloading context [/host-manager]
2011-11-14 10:44:05 org.apache.coyote.http11.Http11Protocol pause
信息: Pausing Coyote HTTP/1.1 on http-8081
2011-11-14 10:44:06 org.apache.catalina.core.StandardService stop
信息: Stopping service Catalina
2011-11-14 10:44:06 org.apache.coyote.http11.Http11Protocol destroy
信息: Stopping Coyote HTTP/1.1 on http-8081
2011-11-14 10:44:07 org.apache.catalina.core.AprLifecycleListener init
信息: The APR based Apache Tomcat Native library which allows optimal performance in production environments was not found on the java.library.path: C:\Program Files\Java\jdk1.6.0_18\bin;.;C:\WINDOWS\Sun\Java\bin;C:\WINDOWS\system32;C:\WINDOWS;D:\oracle9\product\bin;C:\Program Files\Oracle\jre\1.3.1\bin;C:\Program Files\Oracle\jre\1.1.8\bin;C:\Program Files\NVIDIA Corporation\PhysX\Common;F:\\bin;C:\WINDOWS\system32;C:\WINDOWS;C:\WINDOWS\System32\Wbem;C:\Program Files\Java\jdk1.6.0_18\bin
2011-11-14 10:44:08 org.apache.coyote.http11.Http11Protocol init
信息: Initializing Coyote HTTP/1.1 on http-8081
2011-11-14 10:44:08 org.apache.catalina.startup.Catalina load
信息: Initialization processed in 333 ms
2011-11-14 10:44:08 org.apache.catalina.core.StandardService start
信息: Starting service Catalina
2011-11-14 10:44:08 org.apache.catalina.core.StandardEngine start
信息: Starting Servlet Engine: Apache Tomcat/6.0.32
2011-11-14 10:44:08 org.apache.catalina.startup.HostConfig deployDescriptor
信息: Deploying configuration descriptor host-manager.xml
2011-11-14 10:44:08 org.apache.catalina.startup.HostConfig deployDescriptor
信息: Deploying configuration descriptor manager.xml
2011-11-14 10:44:08 org.apache.catalina.startup.HostConfig deployWAR
信息: Deploying web application archive WoshareFariy.war
2011-11-14 10:44:08 org.apache.catalina.startup.HostConfig deployDirectory
信息: Deploying web application directory docs
2011-11-14 10:44:08 org.apache.catalina.startup.HostConfig deployDirectory
信息: Deploying web application directory examples
2011-11-14 10:44:08 org.apache.catalina.startup.HostConfig deployDirectory
信息: Deploying web application directory ROOT
2011-11-14 10:44:08 org.apache.coyote.http11.Http11Protocol start
信息: Starting Coyote HTTP/1.1 on http-8081
2011-11-14 10:44:08 org.apache.jk.common.ChannelSocket init
信息: JK: ajp13 listening on /0.0.0.0:8009
2011-11-14 10:44:08 org.apache.jk.server.JkMain start
信息: Jk running ID=0 time=0/15  config=null
2011-11-14 10:44:08 org.apache.catalina.startup.Catalina start
信息: Server startup in 403 ms
2011-11-14 10:44:26 com.mchange.v2.log.MLog <clinit>
信息: MLog clients using java 1.4+ standard logging.
2011-11-14 10:44:26 com.mchange.v2.c3p0.C3P0Registry banner
信息: Initializing c3p0-0.9.1.2 [built 21-May-2007 15:04:56; debug? true; trace: 10]
2011-11-14 10:44:26 com.mchange.v2.c3p0.impl.AbstractPoolBackedDataSource getPoolManager
信息: Initializing c3p0 pool... com.mchange.v2.c3p0.ComboPooledDataSource [ acquireIncrement -> 2, acquireRetryAttempts -> 30, acquireRetryDelay -> 1000, autoCommitOnClose -> false, automaticTestTable -> null, breakAfterAcquireFailure -> false, checkoutTimeout -> 0, connectionCustomizerClassName -> null, connectionTesterClassName -> com.mchange.v2.c3p0.impl.DefaultConnectionTester, dataSourceName -> 1hge18o8j18dt563b9z09r|1b62aab, debugUnreturnedConnectionStackTraces -> false, description -> DB Connection, driverClass -> oracle.jdbc.driver.OracleDriver, factoryClassLocation -> null, forceIgnoreUnresolvedTransactions -> false, identityToken -> 1hge18o8j18dt563b9z09r|1b62aab, idleConnectionTestPeriod -> 0, initialPoolSize -> 3, jdbcUrl -> jdbc:oracle:thin:@localhost:1521:DBSERVER, maxAdministrativeTaskTime -> 0, maxConnectionAge -> 0, maxIdleTime -> 0, maxIdleTimeExcessConnections -> 0, maxPoolSize -> 20, maxStatements -> 0, maxStatementsPerConnection -> 0, minPoolSize -> 20, numHelperThreads -> 3, numThreadsAwaitingCheckoutDefaultUser -> 0, preferredTestQuery -> null, properties -> {user=******, password=******}, propertyCycle -> 0, testConnectionOnCheckin -> false, testConnectionOnCheckout -> false, unreturnedConnectionTimeout -> 0, usesTraditionalReflectiveProxies -> false ]
2011-11-14 12:09:39 org.apache.catalina.startup.HostConfig checkResources
信息: Reloading context []
2011-11-14 12:09:39 org.apache.catalina.startup.HostConfig checkResources
信息: Reloading context [/manager]
2011-11-14 12:09:39 org.apache.catalina.startup.HostConfig checkResources
信息: Reloading context [/WoshareFariy]
2011-11-14 12:09:39 org.apache.catalina.loader.WebappClassLoader clearReferencesThreads
严重: The web application [/WoshareFariy] appears to have started a thread named [Timer-0] but has failed to stop it. This is very likely to create a memory leak.
2011-11-14 12:09:39 org.apache.catalina.loader.WebappClassLoader clearReferencesThreads
严重: The web application [/WoshareFariy] appears to have started a thread named [com.mchange.v2.async.ThreadPoolAsynchronousRunner$PoolThread-#0] but has failed to stop it. This is very likely to create a memory leak.
2011-11-14 12:09:39 org.apache.catalina.loader.WebappClassLoader clearReferencesThreads
严重: The web application [/WoshareFariy] appears to have started a thread named [com.mchange.v2.async.ThreadPoolAsynchronousRunner$PoolThread-#1] but has failed to stop it. This is very likely to create a memory leak.
2011-11-14 12:09:39 org.apache.catalina.loader.WebappClassLoader clearReferencesThreads
严重: The web application [/WoshareFariy] appears to have started a thread named [com.mchange.v2.async.ThreadPoolAsynchronousRunner$PoolThread-#2] but has failed to stop it. This is very likely to create a memory leak.
2011-11-14 12:09:39 org.apache.catalina.startup.HostConfig checkResources
信息: Reloading context [/docs]
2011-11-14 12:09:39 org.apache.catalina.startup.HostConfig checkResources
信息: Reloading context [/examples]
2011-11-14 12:09:39 org.apache.catalina.startup.HostConfig checkResources
信息: Reloading context [/host-manager]
2011-11-14 12:09:40 org.apache.coyote.http11.Http11Protocol pause
信息: Pausing Coyote HTTP/1.1 on http-8081
2011-11-14 12:09:41 org.apache.catalina.core.StandardService stop
信息: Stopping service Catalina
2011-11-14 12:09:41 org.apache.catalina.startup.Catalina stopServer
严重: Catalina.stop: 
java.net.ConnectException: Connection refused: connect
	at java.net.PlainSocketImpl.socketConnect(Native Method)
	at java.net.PlainSocketImpl.doConnect(PlainSocketImpl.java:333)
	at java.net.PlainSocketImpl.connectToAddress(PlainSocketImpl.java:195)
	at java.net.PlainSocketImpl.connect(PlainSocketImpl.java:182)
	at java.net.SocksSocketImpl.connect(SocksSocketImpl.java:366)
	at java.net.Socket.connect(Socket.java:525)
	at java.net.Socket.connect(Socket.java:475)
	at java.net.Socket.<init>(Socket.java:372)
	at java.net.Socket.<init>(Socket.java:186)
	at org.apache.catalina.startup.Catalina.stopServer(Catalina.java:422)
	at sun.reflect.NativeMethodAccessorImpl.invoke0(Native Method)
	at sun.reflect.NativeMethodAccessorImpl.invoke(NativeMethodAccessorImpl.java:39)
	at sun.reflect.DelegatingMethodAccessorImpl.invoke(DelegatingMethodAccessorImpl.java:25)
	at java.lang.reflect.Method.invoke(Method.java:597)
	at org.apache.catalina.startup.Bootstrap.stopServer(Bootstrap.java:338)
	at org.apache.catalina.startup.Bootstrap.main(Bootstrap.java:416)
2011-11-14 12:09:42 org.apache.coyote.http11.Http11Protocol destroy
信息: Stopping Coyote HTTP/1.1 on http-8081
2011-11-14 12:09:45 org.apache.catalina.core.AprLifecycleListener init
信息: The APR based Apache Tomcat Native library which allows optimal performance in production environments was not found on the java.library.path: C:\Program Files\Java\jdk1.6.0_18\bin;.;C:\WINDOWS\Sun\Java\bin;C:\WINDOWS\system32;C:\WINDOWS;D:\oracle9\product\bin;C:\Program Files\Oracle\jre\1.3.1\bin;C:\Program Files\Oracle\jre\1.1.8\bin;C:\Program Files\NVIDIA Corporation\PhysX\Common;F:\\bin;C:\WINDOWS\system32;C:\WINDOWS;C:\WINDOWS\System32\Wbem;C:\Program Files\Java\jdk1.6.0_18\bin
2011-11-14 12:09:45 org.apache.coyote.http11.Http11Protocol init
信息: Initializing Coyote HTTP/1.1 on http-8081
2011-11-14 12:09:45 org.apache.catalina.startup.Catalina load
信息: Initialization processed in 327 ms
2011-11-14 12:09:45 org.apache.catalina.core.StandardService start
信息: Starting service Catalina
2011-11-14 12:09:45 org.apache.catalina.core.StandardEngine start
信息: Starting Servlet Engine: Apache Tomcat/6.0.32
2011-11-14 12:09:45 org.apache.catalina.startup.HostConfig deployDescriptor
信息: Deploying configuration descriptor host-manager.xml
2011-11-14 12:09:45 org.apache.catalina.startup.HostConfig deployDescriptor
信息: Deploying configuration descriptor manager.xml
2011-11-14 12:09:45 org.apache.catalina.startup.HostConfig deployWAR
信息: Deploying web application archive WoshareFariy.war
2011-11-14 12:09:45 org.apache.catalina.startup.HostConfig deployDirectory
信息: Deploying web application directory docs
2011-11-14 12:09:45 org.apache.catalina.startup.HostConfig deployDirectory
信息: Deploying web application directory examples
2011-11-14 12:09:45 org.apache.catalina.startup.HostConfig deployDirectory
信息: Deploying web application directory ROOT
2011-11-14 12:09:45 org.apache.coyote.http11.Http11Protocol start
信息: Starting Coyote HTTP/1.1 on http-8081
2011-11-14 12:09:45 org.apache.jk.common.ChannelSocket init
信息: JK: ajp13 listening on /0.0.0.0:8009
2011-11-14 12:09:45 org.apache.jk.server.JkMain start
信息: Jk running ID=0 time=0/16  config=null
2011-11-14 12:09:45 org.apache.catalina.startup.Catalina start
信息: Server startup in 409 ms
2011-11-14 12:09:55 com.mchange.v2.log.MLog <clinit>
信息: MLog clients using java 1.4+ standard logging.
2011-11-14 12:09:55 com.mchange.v2.c3p0.C3P0Registry banner
信息: Initializing c3p0-0.9.1.2 [built 21-May-2007 15:04:56; debug? true; trace: 10]
2011-11-14 12:09:55 com.mchange.v2.c3p0.impl.AbstractPoolBackedDataSource getPoolManager
信息: Initializing c3p0 pool... com.mchange.v2.c3p0.ComboPooledDataSource [ acquireIncrement -> 2, acquireRetryAttempts -> 30, acquireRetryDelay -> 1000, autoCommitOnClose -> false, automaticTestTable -> null, breakAfterAcquireFailure -> false, checkoutTimeout -> 0, connectionCustomizerClassName -> null, connectionTesterClassName -> com.mchange.v2.c3p0.impl.DefaultConnectionTester, dataSourceName -> 1hge18o8j18gv2hm31obhc|1b62aab, debugUnreturnedConnectionStackTraces -> false, description -> DB Connection, driverClass -> oracle.jdbc.driver.OracleDriver, factoryClassLocation -> null, forceIgnoreUnresolvedTransactions -> false, identityToken -> 1hge18o8j18gv2hm31obhc|1b62aab, idleConnectionTestPeriod -> 0, initialPoolSize -> 3, jdbcUrl -> jdbc:oracle:thin:@localhost:1521:DBSERVER, maxAdministrativeTaskTime -> 0, maxConnectionAge -> 0, maxIdleTime -> 0, maxIdleTimeExcessConnections -> 0, maxPoolSize -> 20, maxStatements -> 0, maxStatementsPerConnection -> 0, minPoolSize -> 20, numHelperThreads -> 3, numThreadsAwaitingCheckoutDefaultUser -> 0, preferredTestQuery -> null, properties -> {user=******, password=******}, propertyCycle -> 0, testConnectionOnCheckin -> false, testConnectionOnCheckout -> false, unreturnedConnectionTimeout -> 0, usesTraditionalReflectiveProxies -> false ]
2011-11-14 14:28:36 org.apache.catalina.startup.HostConfig checkResources
信息: Reloading context []
2011-11-14 14:28:36 org.apache.catalina.startup.HostConfig checkResources
信息: Reloading context [/manager]
2011-11-14 14:28:36 org.apache.catalina.startup.HostConfig checkResources
信息: Reloading context [/WoshareFariy]
2011-11-14 14:28:36 org.apache.catalina.loader.WebappClassLoader clearReferencesThreads
严重: The web application [/WoshareFariy] appears to have started a thread named [Timer-0] but has failed to stop it. This is very likely to create a memory leak.
2011-11-14 14:28:36 org.apache.catalina.loader.WebappClassLoader clearReferencesThreads
严重: The web application [/WoshareFariy] appears to have started a thread named [com.mchange.v2.async.ThreadPoolAsynchronousRunner$PoolThread-#0] but has failed to stop it. This is very likely to create a memory leak.
2011-11-14 14:28:36 org.apache.catalina.loader.WebappClassLoader clearReferencesThreads
严重: The web application [/WoshareFariy] appears to have started a thread named [com.mchange.v2.async.ThreadPoolAsynchronousRunner$PoolThread-#1] but has failed to stop it. This is very likely to create a memory leak.
2011-11-14 14:28:36 org.apache.catalina.loader.WebappClassLoader clearReferencesThreads
严重: The web application [/WoshareFariy] appears to have started a thread named [com.mchange.v2.async.ThreadPoolAsynchronousRunner$PoolThread-#2] but has failed to stop it. This is very likely to create a memory leak.
2011-11-14 14:28:36 org.apache.catalina.startup.HostConfig checkResources
信息: Reloading context [/docs]
2011-11-14 14:28:36 org.apache.catalina.startup.HostConfig checkResources
信息: Reloading context [/examples]
2011-11-14 14:28:36 org.apache.catalina.startup.HostConfig checkResources
信息: Reloading context [/host-manager]
2011-11-14 14:28:50 org.apache.coyote.http11.Http11Protocol pause
信息: Pausing Coyote HTTP/1.1 on http-8081
2011-11-14 14:28:51 org.apache.catalina.core.StandardService stop
信息: Stopping service Catalina
2011-11-14 14:28:51 org.apache.coyote.http11.Http11Protocol destroy
信息: Stopping Coyote HTTP/1.1 on http-8081
2011-11-14 14:28:55 org.apache.catalina.core.AprLifecycleListener init
信息: The APR based Apache Tomcat Native library which allows optimal performance in production environments was not found on the java.library.path: C:\Program Files\Java\jdk1.6.0_18\bin;.;C:\WINDOWS\Sun\Java\bin;C:\WINDOWS\system32;C:\WINDOWS;D:\oracle9\product\bin;C:\Program Files\Oracle\jre\1.3.1\bin;C:\Program Files\Oracle\jre\1.1.8\bin;C:\Program Files\NVIDIA Corporation\PhysX\Common;F:\\bin;C:\WINDOWS\system32;C:\WINDOWS;C:\WINDOWS\System32\Wbem;C:\Program Files\Java\jdk1.6.0_18\bin
2011-11-14 14:28:55 org.apache.coyote.http11.Http11Protocol init
信息: Initializing Coyote HTTP/1.1 on http-8081
2011-11-14 14:28:55 org.apache.catalina.startup.Catalina load
信息: Initialization processed in 316 ms
2011-11-14 14:28:55 org.apache.catalina.core.StandardService start
信息: Starting service Catalina
2011-11-14 14:28:55 org.apache.catalina.core.StandardEngine start
信息: Starting Servlet Engine: Apache Tomcat/6.0.32
2011-11-14 14:28:55 org.apache.catalina.startup.HostConfig deployDescriptor
信息: Deploying configuration descriptor host-manager.xml
2011-11-14 14:28:55 org.apache.catalina.startup.HostConfig deployDescriptor
信息: Deploying configuration descriptor manager.xml
2011-11-14 14:28:55 org.apache.catalina.startup.HostConfig deployWAR
信息: Deploying web application archive WoshareFariy.war
2011-11-14 14:28:55 org.apache.catalina.startup.HostConfig deployDirectory
信息: Deploying web application directory docs
2011-11-14 14:28:55 org.apache.catalina.startup.HostConfig deployDirectory
信息: Deploying web application directory examples
2011-11-14 14:28:55 org.apache.catalina.startup.HostConfig deployDirectory
信息: Deploying web application directory ROOT
2011-11-14 14:28:55 org.apache.coyote.http11.Http11Protocol start
信息: Starting Coyote HTTP/1.1 on http-8081
2011-11-14 14:28:56 org.apache.jk.common.ChannelSocket init
信息: JK: ajp13 listening on /0.0.0.0:8009
2011-11-14 14:28:56 org.apache.jk.server.JkMain start
信息: Jk running ID=0 time=0/15  config=null
2011-11-14 14:28:56 org.apache.catalina.startup.Catalina start
信息: Server startup in 411 ms
2011-11-14 14:29:03 com.mchange.v2.log.MLog <clinit>
信息: MLog clients using java 1.4+ standard logging.
2011-11-14 14:29:03 com.mchange.v2.c3p0.C3P0Registry banner
信息: Initializing c3p0-0.9.1.2 [built 21-May-2007 15:04:56; debug? true; trace: 10]
2011-11-14 14:29:03 com.mchange.v2.c3p0.impl.AbstractPoolBackedDataSource getPoolManager
信息: Initializing c3p0 pool... com.mchange.v2.c3p0.ComboPooledDataSource [ acquireIncrement -> 2, acquireRetryAttempts -> 30, acquireRetryDelay -> 1000, autoCommitOnClose -> false, automaticTestTable -> null, breakAfterAcquireFailure -> false, checkoutTimeout -> 0, connectionCustomizerClassName -> null, connectionTesterClassName -> com.mchange.v2.c3p0.impl.DefaultConnectionTester, dataSourceName -> 1hge18o8j18lu010b3u708|1b62aab, debugUnreturnedConnectionStackTraces -> false, description -> DB Connection, driverClass -> oracle.jdbc.driver.OracleDriver, factoryClassLocation -> null, forceIgnoreUnresolvedTransactions -> false, identityToken -> 1hge18o8j18lu010b3u708|1b62aab, idleConnectionTestPeriod -> 0, initialPoolSize -> 3, jdbcUrl -> jdbc:oracle:thin:@localhost:1521:DBSERVER, maxAdministrativeTaskTime -> 0, maxConnectionAge -> 0, maxIdleTime -> 0, maxIdleTimeExcessConnections -> 0, maxPoolSize -> 20, maxStatements -> 0, maxStatementsPerConnection -> 0, minPoolSize -> 20, numHelperThreads -> 3, numThreadsAwaitingCheckoutDefaultUser -> 0, preferredTestQuery -> null, properties -> {user=******, password=******}, propertyCycle -> 0, testConnectionOnCheckin -> false, testConnectionOnCheckout -> false, unreturnedConnectionTimeout -> 0, usesTraditionalReflectiveProxies -> false ]
2011-11-14 15:05:10 org.apache.coyote.http11.Http11Protocol pause
信息: Pausing Coyote HTTP/1.1 on http-8081
