2011-10-28 14:38:58 org.apache.catalina.core.AprLifecycleListener init
信息: The APR based Apache Tomcat Native library which allows optimal performance in production environments was not found on the java.library.path: C:\Program Files\Java\jdk1.6.0_18\bin;.;C:\WINDOWS\Sun\Java\bin;C:\WINDOWS\system32;C:\WINDOWS;D:\oracle\product\10.2.0\db_1\bin;C:\WINDOWS\system32;C:\WINDOWS;C:\WINDOWS\System32\Wbem;C:\Program Files\Java\jdk1.6.0_18\bin
2011-10-28 14:38:58 org.apache.coyote.http11.Http11Protocol init
信息: Initializing Coyote HTTP/1.1 on http-8080
2011-10-28 14:38:58 org.apache.catalina.startup.Catalina load
信息: Initialization processed in 328 ms
2011-10-28 14:38:58 org.apache.catalina.core.StandardService start
信息: Starting service Catalina
2011-10-28 14:38:58 org.apache.catalina.core.StandardEngine start
信息: Starting Servlet Engine: Apache Tomcat/6.0.28
2011-10-28 14:38:58 org.apache.catalina.startup.HostConfig deployDirectory
信息: Deploying web application directory docs
2011-10-28 14:38:59 org.apache.catalina.startup.HostConfig deployDirectory
信息: Deploying web application directory examples
2011-10-28 14:38:59 org.apache.catalina.startup.HostConfig deployDirectory
信息: Deploying web application directory host-manager
2011-10-28 14:38:59 org.apache.catalina.startup.HostConfig deployDirectory
信息: Deploying web application directory manager
2011-10-28 14:38:59 org.apache.catalina.startup.HostConfig deployDirectory
信息: Deploying web application directory ROOT
2011-10-28 14:38:59 org.apache.coyote.http11.Http11Protocol start
信息: Starting Coyote HTTP/1.1 on http-8080
2011-10-28 14:38:59 org.apache.jk.common.ChannelSocket init
信息: JK: ajp13 listening on /0.0.0.0:8009
2011-10-28 14:39:00 org.apache.jk.server.JkMain start
信息: Jk running ID=0 time=0/343  config=null
2011-10-28 14:39:00 org.apache.catalina.startup.Catalina start
信息: Server startup in 1473 ms
2011-10-28 15:47:31 org.apache.coyote.http11.Http11Protocol pause
信息: Pausing Coyote HTTP/1.1 on http-8080
2011-10-28 15:47:32 org.apache.catalina.core.StandardService stop
信息: Stopping service Catalina
2011-10-28 15:47:32 org.apache.coyote.http11.Http11Protocol destroy
信息: Stopping Coyote HTTP/1.1 on http-8080
