2011-11-14 10:28:11 org.apache.catalina.core.ApplicationContext log
信息: SessionListener: contextDestroyed()
2011-11-14 10:28:11 org.apache.catalina.core.ApplicationContext log
信息: ContextListener: contextDestroyed()
2011-11-14 10:28:11 org.apache.catalina.core.ApplicationContext log
信息: ContextListener: contextInitialized()
2011-11-14 10:28:11 org.apache.catalina.core.ApplicationContext log
信息: SessionListener: contextInitialized()
2011-11-14 10:28:25 org.apache.catalina.core.ApplicationContext log
信息: ContextListener: contextInitialized()
2011-11-14 10:28:25 org.apache.catalina.core.ApplicationContext log
信息: SessionListener: contextInitialized()
2011-11-14 10:29:58 org.apache.catalina.core.ApplicationContext log
信息: ContextListener: contextInitialized()
2011-11-14 10:29:58 org.apache.catalina.core.ApplicationContext log
信息: SessionListener: contextInitialized()
2011-11-14 10:43:38 org.apache.catalina.core.ApplicationContext log
信息: SessionListener: contextDestroyed()
2011-11-14 10:43:38 org.apache.catalina.core.ApplicationContext log
信息: ContextListener: contextDestroyed()
2011-11-14 10:43:38 org.apache.catalina.core.ApplicationContext log
信息: ContextListener: contextInitialized()
2011-11-14 10:43:38 org.apache.catalina.core.ApplicationContext log
信息: SessionListener: contextInitialized()
2011-11-14 10:44:06 org.apache.catalina.core.ApplicationContext log
信息: SessionListener: contextDestroyed()
2011-11-14 10:44:06 org.apache.catalina.core.ApplicationContext log
信息: ContextListener: contextDestroyed()
2011-11-14 10:44:08 org.apache.catalina.core.ApplicationContext log
信息: ContextListener: contextInitialized()
2011-11-14 10:44:08 org.apache.catalina.core.ApplicationContext log
信息: SessionListener: contextInitialized()
2011-11-14 12:09:39 org.apache.catalina.core.ApplicationContext log
信息: SessionListener: contextDestroyed()
2011-11-14 12:09:39 org.apache.catalina.core.ApplicationContext log
信息: ContextListener: contextDestroyed()
2011-11-14 12:09:39 org.apache.catalina.core.ApplicationContext log
信息: ContextListener: contextInitialized()
2011-11-14 12:09:39 org.apache.catalina.core.ApplicationContext log
信息: SessionListener: contextInitialized()
2011-11-14 12:09:42 org.apache.catalina.core.ApplicationContext log
信息: SessionListener: contextDestroyed()
2011-11-14 12:09:42 org.apache.catalina.core.ApplicationContext log
信息: ContextListener: contextDestroyed()
2011-11-14 12:09:45 org.apache.catalina.core.ApplicationContext log
信息: ContextListener: contextInitialized()
2011-11-14 12:09:45 org.apache.catalina.core.ApplicationContext log
信息: SessionListener: contextInitialized()
2011-11-14 14:28:36 org.apache.catalina.core.ApplicationContext log
信息: SessionListener: contextDestroyed()
2011-11-14 14:28:36 org.apache.catalina.core.ApplicationContext log
信息: ContextListener: contextDestroyed()
2011-11-14 14:28:36 org.apache.catalina.core.ApplicationContext log
信息: ContextListener: contextInitialized()
2011-11-14 14:28:36 org.apache.catalina.core.ApplicationContext log
信息: SessionListener: contextInitialized()
2011-11-14 14:28:51 org.apache.catalina.core.ApplicationContext log
信息: SessionListener: contextDestroyed()
2011-11-14 14:28:51 org.apache.catalina.core.ApplicationContext log
信息: ContextListener: contextDestroyed()
2011-11-14 14:28:55 org.apache.catalina.core.ApplicationContext log
信息: ContextListener: contextInitialized()
2011-11-14 14:28:55 org.apache.catalina.core.ApplicationContext log
信息: SessionListener: contextInitialized()
