2011-11-10 11:22:47 org.apache.catalina.core.ApplicationContext log
信息: ContextListener: contextInitialized()
2011-11-10 11:22:47 org.apache.catalina.core.ApplicationContext log
信息: SessionListener: contextInitialized()
2011-11-10 11:24:37 org.apache.catalina.core.ApplicationContext log
信息: ContextListener: contextInitialized()
2011-11-10 11:24:37 org.apache.catalina.core.ApplicationContext log
信息: SessionListener: contextInitialized()
2011-11-10 11:25:19 org.apache.catalina.core.ApplicationContext log
信息: SessionListener: contextDestroyed()
2011-11-10 11:25:19 org.apache.catalina.core.ApplicationContext log
信息: ContextListener: contextDestroyed()
2011-11-10 11:26:00 org.apache.catalina.core.ApplicationContext log
信息: ContextListener: contextInitialized()
2011-11-10 11:26:00 org.apache.catalina.core.ApplicationContext log
信息: SessionListener: contextInitialized()
2011-11-10 11:27:25 org.apache.catalina.core.ApplicationContext log
信息: ContextListener: contextInitialized()
2011-11-10 11:27:25 org.apache.catalina.core.ApplicationContext log
信息: SessionListener: contextInitialized()
2011-11-10 11:31:58 org.apache.catalina.core.ApplicationContext log
信息: ContextListener: contextInitialized()
2011-11-10 11:31:58 org.apache.catalina.core.ApplicationContext log
信息: SessionListener: contextInitialized()
2011-11-10 11:52:18 org.apache.catalina.core.ApplicationContext log
信息: SessionListener: contextDestroyed()
2011-11-10 11:52:18 org.apache.catalina.core.ApplicationContext log
信息: ContextListener: contextDestroyed()
2011-11-10 11:52:18 org.apache.catalina.core.ApplicationContext log
信息: ContextListener: contextInitialized()
2011-11-10 11:52:18 org.apache.catalina.core.ApplicationContext log
信息: SessionListener: contextInitialized()
2011-11-10 11:52:30 org.apache.catalina.core.ApplicationContext log
信息: ContextListener: contextInitialized()
2011-11-10 11:52:30 org.apache.catalina.core.ApplicationContext log
信息: SessionListener: contextInitialized()
2011-11-10 12:05:45 org.apache.catalina.core.ApplicationContext log
信息: ContextListener: contextInitialized()
2011-11-10 12:05:45 org.apache.catalina.core.ApplicationContext log
信息: SessionListener: contextInitialized()
2011-11-10 12:07:57 org.apache.catalina.core.ApplicationContext log
信息: ContextListener: contextInitialized()
2011-11-10 12:07:57 org.apache.catalina.core.ApplicationContext log
信息: SessionListener: contextInitialized()
2011-11-10 12:13:45 org.apache.catalina.core.ApplicationContext log
信息: ContextListener: contextInitialized()
2011-11-10 12:13:45 org.apache.catalina.core.ApplicationContext log
信息: SessionListener: contextInitialized()
2011-11-10 12:15:36 org.apache.catalina.core.ApplicationContext log
信息: ContextListener: contextInitialized()
2011-11-10 12:15:36 org.apache.catalina.core.ApplicationContext log
信息: SessionListener: contextInitialized()
2011-11-10 12:27:58 org.apache.catalina.core.ApplicationContext log
信息: SessionListener: contextDestroyed()
2011-11-10 12:27:58 org.apache.catalina.core.ApplicationContext log
信息: ContextListener: contextDestroyed()
2011-11-10 12:28:25 org.apache.catalina.core.ApplicationContext log
信息: ContextListener: contextInitialized()
2011-11-10 12:28:25 org.apache.catalina.core.ApplicationContext log
信息: SessionListener: contextInitialized()
